Build started 8/1/2015 5:08:01 PM.
     1>Project "D:\Users\Josh\Documents\Visual Studio 2013\Projects\BlockCrush\BlockCrush\BlockCrush.vcxproj" on node 2 (Build target(s)).
     1>ClCompile:
         C:\Program Files (x86)\Microsoft Visual Studio 12.0\VC\bin\CL.exe /c /Zi /nologo /W3 /WX- /O2 /Oi /Oy- /GL /D WIN32 /D _WINDOWS /D NDEBUG /D _UNICODE /D UNICODE /D _AFXDLL /Gm- /EHsc /MD /GS /Gy /fp:precise /Zc:wchar_t /Zc:forScope /Yu"stdafx.h" /Fp"Release\BlockCrush.pch" /Fo"Release\\" /Fd"Release\vc120.pdb" /Gd /TP /analyze- /errorReport:prompt BlockCrush.cpp BlockCrushBoard.cpp BlockCrushDoc.cpp BlockCrushView.cpp MainFrm.cpp OptionsDialog.cpp
         BlockCrush.cpp
         BlockCrushBoard.cpp
         BlockCrushDoc.cpp
         BlockCrushView.cpp
         MainFrm.cpp
         OptionsDialog.cpp
       ResourceCompile:
         C:\Program Files (x86)\Windows Kits\8.1\bin\x86\rc.exe /D NDEBUG /D _UNICODE /D UNICODE /D _AFXDLL /l"0x0409" /IRelease\ /nologo /fo"Release\BlockCrush.res" BlockCrush.rc 
       Link:
         C:\Program Files (x86)\Microsoft Visual Studio 12.0\VC\bin\link.exe /ERRORREPORT:PROMPT /OUT:"D:\Users\Josh\Documents\Visual Studio 2013\Projects\BlockCrush\Release\BlockCrush.exe" /INCREMENTAL:NO /NOLOGO /MANIFEST /MANIFESTUAC:"level='asInvoker' uiAccess='false'" /manifest:embed /manifestinput:"C:\Program Files (x86)\Microsoft Visual Studio 12.0\VC\Include\Manifest\dpiaware.manifest" /DEBUG /PDB:"D:\Users\Josh\Documents\Visual Studio 2013\Projects\BlockCrush\Release\BlockCrush.pdb" /SUBSYSTEM:WINDOWS /OPT:REF /OPT:ICF /LTCG /TLBID:1 /ENTRY:"wWinMainCRTStartup" /DYNAMICBASE /NXCOMPAT /IMPLIB:"D:\Users\Josh\Documents\Visual Studio 2013\Projects\BlockCrush\Release\BlockCrush.lib" /MACHINE:X86 /SAFESEH Release\BlockCrush.res
         Release\BlockCrush.obj
         Release\BlockCrushBoard.obj
         Release\BlockCrushDoc.obj
         Release\BlockCrushView.obj
         Release\MainFrm.obj
         Release\OptionsDialog.obj
         Release\stdafx.obj
         Generating code
         Finished generating code
         BlockCrush.vcxproj -> D:\Users\Josh\Documents\Visual Studio 2013\Projects\BlockCrush\Release\BlockCrush.exe
     1>Done Building Project "D:\Users\Josh\Documents\Visual Studio 2013\Projects\BlockCrush\BlockCrush\BlockCrush.vcxproj" (Build target(s)).

Build succeeded.

Time Elapsed 00:00:03.45
