d:\users\josh\documents\visual studio 2013\projects\blockcrush\blockcrush\release\blockcrush.pch
d:\users\josh\documents\visual studio 2013\projects\blockcrush\blockcrush\release\vc120.pdb
d:\users\josh\documents\visual studio 2013\projects\blockcrush\blockcrush\release\stdafx.obj
d:\users\josh\documents\visual studio 2013\projects\blockcrush\blockcrush\release\mainfrm.obj
d:\users\josh\documents\visual studio 2013\projects\blockcrush\blockcrush\release\blockcrushview.obj
d:\users\josh\documents\visual studio 2013\projects\blockcrush\blockcrush\release\blockcrushdoc.obj
d:\users\josh\documents\visual studio 2013\projects\blockcrush\blockcrush\release\blockcrushboard.obj
d:\users\josh\documents\visual studio 2013\projects\blockcrush\blockcrush\release\blockcrush.obj
d:\users\josh\documents\visual studio 2013\projects\blockcrush\release\blockcrush.exe
d:\users\josh\documents\visual studio 2013\projects\blockcrush\release\blockcrush.pdb
d:\users\josh\documents\visual studio 2013\projects\blockcrush\blockcrush\release\blockcrush.res
d:\users\josh\documents\visual studio 2013\projects\blockcrush\blockcrush\release\blockcrush.tlog\cl.command.1.tlog
d:\users\josh\documents\visual studio 2013\projects\blockcrush\blockcrush\release\blockcrush.tlog\cl.read.1.tlog
d:\users\josh\documents\visual studio 2013\projects\blockcrush\blockcrush\release\blockcrush.tlog\cl.write.1.tlog
d:\users\josh\documents\visual studio 2013\projects\blockcrush\blockcrush\release\blockcrush.tlog\link.command.1.tlog
d:\users\josh\documents\visual studio 2013\projects\blockcrush\blockcrush\release\blockcrush.tlog\link.read.1.tlog
d:\users\josh\documents\visual studio 2013\projects\blockcrush\blockcrush\release\blockcrush.tlog\link.write.1.tlog
d:\users\josh\documents\visual studio 2013\projects\blockcrush\blockcrush\release\blockcrush.tlog\rc.command.1.tlog
d:\users\josh\documents\visual studio 2013\projects\blockcrush\blockcrush\release\blockcrush.tlog\rc.read.1.tlog
d:\users\josh\documents\visual studio 2013\projects\blockcrush\blockcrush\release\blockcrush.tlog\rc.write.1.tlog
