d:\users\josh\documents\visual studio 2013\projects\blockcrush\blockcrush\debug\blockcrush.pch
d:\users\josh\documents\visual studio 2013\projects\blockcrush\blockcrush\debug\vc120.pdb
d:\users\josh\documents\visual studio 2013\projects\blockcrush\blockcrush\debug\vc120.idb
d:\users\josh\documents\visual studio 2013\projects\blockcrush\blockcrush\debug\stdafx.obj
d:\users\josh\documents\visual studio 2013\projects\blockcrush\blockcrush\debug\blockcrush.obj
d:\users\josh\documents\visual studio 2013\projects\blockcrush\blockcrush\debug\blockcrushboard.obj
d:\users\josh\documents\visual studio 2013\projects\blockcrush\blockcrush\debug\blockcrushdoc.obj
d:\users\josh\documents\visual studio 2013\projects\blockcrush\blockcrush\debug\blockcrushview.obj
d:\users\josh\documents\visual studio 2013\projects\blockcrush\blockcrush\debug\mainfrm.obj
d:\users\josh\documents\visual studio 2013\projects\blockcrush\blockcrush\debug\optionsdialog.obj
d:\users\josh\documents\visual studio 2013\projects\blockcrush\debug\blockcrush.ilk
d:\users\josh\documents\visual studio 2013\projects\blockcrush\debug\blockcrush.exe
d:\users\josh\documents\visual studio 2013\projects\blockcrush\debug\blockcrush.pdb
d:\users\josh\documents\visual studio 2013\projects\blockcrush\blockcrush\debug\blockcrush.res
d:\users\josh\documents\visual studio 2013\projects\blockcrush\blockcrush\debug\blockcrush.tlog\cl.command.1.tlog
d:\users\josh\documents\visual studio 2013\projects\blockcrush\blockcrush\debug\blockcrush.tlog\cl.read.1.tlog
d:\users\josh\documents\visual studio 2013\projects\blockcrush\blockcrush\debug\blockcrush.tlog\cl.write.1.tlog
d:\users\josh\documents\visual studio 2013\projects\blockcrush\blockcrush\debug\blockcrush.tlog\link.command.1.tlog
d:\users\josh\documents\visual studio 2013\projects\blockcrush\blockcrush\debug\blockcrush.tlog\link.read.1.tlog
d:\users\josh\documents\visual studio 2013\projects\blockcrush\blockcrush\debug\blockcrush.tlog\link.write.1.tlog
d:\users\josh\documents\visual studio 2013\projects\blockcrush\blockcrush\debug\blockcrush.tlog\rc.command.1.tlog
d:\users\josh\documents\visual studio 2013\projects\blockcrush\blockcrush\debug\blockcrush.tlog\rc.read.1.tlog
d:\users\josh\documents\visual studio 2013\projects\blockcrush\blockcrush\debug\blockcrush.tlog\rc.write.1.tlog
