Build started 8/1/2015 5:05:18 PM.
     1>Project "D:\Users\Josh\Documents\Visual Studio 2013\Projects\BlockCrush\BlockCrush\BlockCrush.vcxproj" on node 2 (Build target(s)).
     1>ClCompile:
         C:\Program Files (x86)\Microsoft Visual Studio 12.0\VC\bin\CL.exe /c /ZI /nologo /W3 /WX- /Od /Oy- /D WIN32 /D _WINDOWS /D _DEBUG /D _UNICODE /D UNICODE /D _AFXDLL /Gm /EHsc /RTC1 /MDd /GS /fp:precise /Zc:wchar_t /Zc:forScope /Yu"stdafx.h" /Fp"Debug\BlockCrush.pch" /Fo"Debug\\" /Fd"Debug\vc120.pdb" /Gd /TP /analyze- /errorReport:prompt BlockCrush.cpp BlockCrushDoc.cpp BlockCrushView.cpp
         BlockCrush.cpp
         Generating Code...
         Compiling...
         BlockCrushDoc.cpp
         Generating Code...
         Skipping... (no relevant changes detected)
         BlockCrushView.cpp
       Link:
         C:\Program Files (x86)\Microsoft Visual Studio 12.0\VC\bin\link.exe /ERRORREPORT:PROMPT /OUT:"D:\Users\Josh\Documents\Visual Studio 2013\Projects\BlockCrush\Debug\BlockCrush.exe" /INCREMENTAL /NOLOGO /MANIFEST /MANIFESTUAC:"level='asInvoker' uiAccess='false'" /manifest:embed /manifestinput:"C:\Program Files (x86)\Microsoft Visual Studio 12.0\VC\Include\Manifest\dpiaware.manifest" /DEBUG /PDB:"D:\Users\Josh\Documents\Visual Studio 2013\Projects\BlockCrush\Debug\BlockCrush.pdb" /SUBSYSTEM:WINDOWS /TLBID:1 /ENTRY:"wWinMainCRTStartup" /DYNAMICBASE /NXCOMPAT /IMPLIB:"D:\Users\Josh\Documents\Visual Studio 2013\Projects\BlockCrush\Debug\BlockCrush.lib" /MACHINE:X86 Debug\BlockCrush.res
         Debug\BlockCrush.obj
         Debug\BlockCrushBoard.obj
         Debug\BlockCrushDoc.obj
         Debug\BlockCrushView.obj
         Debug\MainFrm.obj
         Debug\OptionsDialog.obj
         Debug\stdafx.obj
         BlockCrush.vcxproj -> D:\Users\Josh\Documents\Visual Studio 2013\Projects\BlockCrush\Debug\BlockCrush.exe
     1>Done Building Project "D:\Users\Josh\Documents\Visual Studio 2013\Projects\BlockCrush\BlockCrush\BlockCrush.vcxproj" (Build target(s)).

Build succeeded.

Time Elapsed 00:00:00.91
